<?xml version="1.0" encoding="UTF-8"?>
<!-- Generated by org.testng.reporters.JUnitReportReporter -->
<testsuite hostname="INBOOK_X1_SLIM" failures="0" tests="1" name="testCase.Script1" time="399.448" errors="0" timestamp="2023-08-16T13:09:02 IST" skipped="0">
  <testcase classname="testCase.Script1" name="test" time="399.448"/>
  <system-out/>
</testsuite> <!-- testCase.Script1 -->
