<?xml version="1.0" encoding="UTF-8"?>
<!-- Generated by org.testng.reporters.JUnitReportReporter -->
<testsuite hostname="INBOOK_X1_SLIM" failures="0" tests="1" name="script.AppiumScript" time="54.292" errors="0" timestamp="2023-08-10T12:41:28 IST" skipped="0">
  <testcase classname="script.AppiumScript" name="openAppTest" time="54.292"/>
  <system-out/>
</testsuite> <!-- script.AppiumScript -->
