<?xml version="1.0" encoding="UTF-8"?>
<!-- Generated by org.testng.reporters.JUnitReportReporter -->
<testsuite hostname="INBOOK_X1_SLIM" failures="0" tests="1" name="Emulator.Calculator" time="15.270" errors="0" timestamp="2023-08-23T12:41:17 IST" skipped="0">
  <testcase classname="Emulator.Calculator" name="m2" time="15.270"/>
  <system-out/>
</testsuite> <!-- Emulator.Calculator -->
