<?xml version="1.0" encoding="UTF-8"?>
<!-- Generated by org.testng.reporters.JUnitReportReporter -->
<testsuite hostname="INBOOK_X1_SLIM" failures="0" tests="1" name="Emulator.CaptureErrorMsg" time="27.378" errors="0" timestamp="2023-08-23T09:22:53 IST" skipped="0">
  <testcase classname="Emulator.CaptureErrorMsg" name="main" time="27.378"/>
  <system-out/>
</testsuite> <!-- Emulator.CaptureErrorMsg -->
