<?xml version="1.0" encoding="UTF-8"?>
<!-- Generated by org.testng.reporters.JUnitReportReporter -->
<testsuite hostname="INBOOK_X1_SLIM" failures="0" tests="1" name="browserStack.BrowserStackTest" time="44.699" errors="0" timestamp="2023-08-28T10:24:01 IST" skipped="0">
  <testcase classname="browserStack.BrowserStackTest" name="mobileBrowser" time="44.699"/>
  <system-out/>
</testsuite> <!-- browserStack.BrowserStackTest -->
