<?xml version="1.0" encoding="UTF-8"?>
<!-- Generated by org.testng.reporters.JUnitReportReporter -->
<testsuite hostname="INBOOK_X1_SLIM" failures="0" tests="1" name="script.VerifyWhenUserClickOnSalesUserShouldNavigateToSalePageAndShopByCategoryYourReasonToShoptodayExploreDealsSectionsShouldBeDisplayed" time="17.055" errors="0" timestamp="2023-07-02T17:30:36 IST" skipped="0">
  <testcase classname="script.VerifyWhenUserClickOnSalesUserShouldNavigateToSalePageAndShopByCategoryYourReasonToShoptodayExploreDealsSectionsShouldBeDisplayed" name="mq" time="17.055"/>
  <system-out/>
</testsuite> <!-- script.VerifyWhenUserClickOnSalesUserShouldNavigateToSalePageAndShopByCategoryYourReasonToShoptodayExploreDealsSectionsShouldBeDisplayed -->
