<?xml version="1.0" encoding="UTF-8"?>
<!-- Generated by org.testng.reporters.JUnitReportReporter -->
<testsuite hostname="INBOOK_X1_SLIM" failures="0" tests="1" name="Emulator.switchNativeToWebview" time="25.628" errors="0" timestamp="2023-08-29T10:15:35 IST" skipped="0">
  <testcase classname="Emulator.switchNativeToWebview" name="main" time="25.628"/>
  <system-out/>
</testsuite> <!-- Emulator.switchNativeToWebview -->
