<?xml version="1.0" encoding="UTF-8"?>
<!-- Generated by org.testng.reporters.JUnitReportReporter -->
<testsuite hostname="INBOOK_X1_SLIM" failures="0" tests="1" name="testScript.MobileCRM1" time="518.553" errors="0" timestamp="2023-08-24T13:15:20 IST" skipped="0">
  <testcase classname="testScript.MobileCRM1" name="order" time="518.553"/>
  <system-out/>
</testsuite> <!-- testScript.MobileCRM1 -->
