<?xml version="1.0" encoding="UTF-8"?>
<!-- Generated by org.testng.reporters.JUnitReportReporter -->
<testsuite hostname="INBOOK_X1_SLIM" failures="0" tests="3" name="script.Practice" time="0.013" errors="0" timestamp="2023-07-15T15:40:44 IST" skipped="0">
  <testcase classname="script.Practice" name="m" time="0.010"/>
  <system-out/>
  <testcase classname="script.Practice" name="m2" time="0.001"/>
  <system-out/>
  <testcase classname="script.Practice" name="m1" time="0.002"/>
  <system-out/>
</testsuite> <!-- script.Practice -->
