<?xml version="1.0" encoding="UTF-8"?>
<!-- Generated by org.testng.reporters.JUnitReportReporter -->
<testsuite hostname="INBOOK_X1_SLIM" failures="0" tests="1" name="testScript.CreateAccountTest" time="457.467" errors="0" timestamp="2023-08-24T17:08:48 IST" skipped="0">
  <testcase classname="testScript.CreateAccountTest" name="account" time="457.467"/>
  <system-out/>
</testsuite> <!-- testScript.CreateAccountTest -->
