<?xml version="1.0" encoding="UTF-8"?>
<!-- Generated by org.testng.reporters.JUnitReportReporter -->
<testsuite hostname="INBOOK_X1_SLIM" failures="0" tests="1" name="script.New" time="40.617" errors="0" timestamp="2023-08-11T16:17:05 IST" skipped="0">
  <testcase classname="script.New" name="m" time="40.617"/>
  <system-out/>
</testsuite> <!-- script.New -->
