<?xml version="1.0" encoding="UTF-8"?>
<!-- Generated by org.testng.reporters.JUnitReportReporter -->
<testsuite hostname="INBOOK_X1_SLIM" failures="0" tests="1" name="Emulator.HandleRadioButtonAndCheckbox" time="19.086" errors="0" timestamp="2023-08-23T12:16:12 IST" skipped="0">
  <testcase classname="Emulator.HandleRadioButtonAndCheckbox" name="m1" time="19.086"/>
  <system-out/>
</testsuite> <!-- Emulator.HandleRadioButtonAndCheckbox -->
