<?xml version="1.0" encoding="UTF-8"?>
<!-- Generated by org.testng.reporters.JUnitReportReporter -->
<testsuite hostname="INBOOK_X1_SLIM" failures="0" tests="1" name="practice.RunScriptUsingEmulator" time="41.121" errors="0" timestamp="2023-08-22T12:03:47 IST" skipped="0">
  <testcase classname="practice.RunScriptUsingEmulator" name="emulator" time="41.121"/>
  <system-out/>
</testsuite> <!-- practice.RunScriptUsingEmulator -->
