<?xml version="1.0" encoding="UTF-8"?>
<!-- Generated by org.testng.reporters.JUnitReportReporter -->
<testsuite hostname="INBOOK_X1_SLIM" failures="0" tests="1" name="script.SweapGesture" time="143.324" errors="0" timestamp="2023-08-14T10:28:50 IST" skipped="0">
  <testcase classname="script.SweapGesture" name="sweap" time="143.324"/>
  <system-out/>
</testsuite> <!-- script.SweapGesture -->
